[debug] [2020-02-10T13:38:54.463Z] ----------------------------------------------------------------------
[debug] [2020-02-10T13:38:54.466Z] Command:       C:\Program Files\nodejs\node.exe C:\Users\Transdata\AppData\Roaming\npm\node_modules\firebase-tools\lib\bin\firebase.js init
[debug] [2020-02-10T13:38:54.466Z] CLI Version:   7.12.1
[debug] [2020-02-10T13:38:54.466Z] Platform:      win32
[debug] [2020-02-10T13:38:54.466Z] Node Version:  v10.15.1
[debug] [2020-02-10T13:38:54.467Z] Time:          Mon Feb 10 2020 18:38:54 GMT+0500 (Pakistan Standard Time)
[debug] [2020-02-10T13:38:54.467Z] ----------------------------------------------------------------------
[debug] [2020-02-10T13:38:54.468Z] 
[debug] [2020-02-10T13:38:54.479Z] > command requires scopes: ["email","openid","https://www.googleapis.com/auth/cloudplatformprojects.readonly","https://www.googleapis.com/auth/firebase","https://www.googleapis.com/auth/cloud-platform"]
[debug] [2020-02-10T13:38:54.480Z] > authorizing via signed-in user
[info] 
     ######## #### ########  ######## ########     ###     ######  ########
     ##        ##  ##     ## ##       ##     ##  ##   ##  ##       ##
     ######    ##  ########  ######   ########  #########  ######  ######
     ##        ##  ##    ##  ##       ##     ## ##     ##       ## ##
     ##       #### ##     ## ######## ########  ##     ##  ######  ########

You're about to initialize a Firebase project in this directory:

  C:\Users\Transdata\Desktop\vueJs\gym

Before we get started, keep in mind:

  * You are initializing in an existing Firebase project directory

[info] 
=== Project Setup
[info] 
[info] First, let's associate this project directory with a Firebase project.
[info] You can create multiple project aliases by running firebase use --add, 
[info] but for now we'll just set up a default project.
[info] 
[info] i  .firebaserc already has a default project, using vue-test-e4fbd.
[debug] [2020-02-10T13:39:24.302Z] > refreshing access token with scopes: ["email","https://www.googleapis.com/auth/cloud-platform","https://www.googleapis.com/auth/cloudplatformprojects.readonly","https://www.googleapis.com/auth/firebase","openid"]
[debug] [2020-02-10T13:39:24.302Z] >>> HTTP REQUEST POST https://www.googleapis.com/oauth2/v3/token  
 <request body omitted>
[debug] [2020-02-10T13:39:24.768Z] <<< HTTP RESPONSE 200
[debug] [2020-02-10T13:39:24.839Z] >>> HTTP REQUEST GET https://firebase.googleapis.com/v1beta1/projects/vue-test-e4fbd  
 
[debug] [2020-02-10T13:39:25.581Z] <<< HTTP RESPONSE 403
[debug] [2020-02-10T13:39:25.581Z] <<< HTTP RESPONSE BODY
[debug] [2020-02-10T13:39:25.587Z] HTTP Error: 403, The caller does not have permission
[debug] [2020-02-10T13:39:26.018Z] FirebaseError: HTTP Error: 403, The caller does not have permission
    at module.exports (C:\Users\Transdata\AppData\Roaming\npm\node_modules\firebase-tools\lib\responseToError.js:38:12)
    at Request._callback (C:\Users\Transdata\AppData\Roaming\npm\node_modules\firebase-tools\lib\api.js:39:35)
    at Request.self.callback (C:\Users\Transdata\AppData\Roaming\npm\node_modules\firebase-tools\node_modules\request\request.js:185:22)
    at Request.emit (events.js:189:13)
    at Request.EventEmitter.emit (domain.js:441:20)
    at Request.<anonymous> (C:\Users\Transdata\AppData\Roaming\npm\node_modules\firebase-tools\node_modules\request\request.js:1161:10)
    at Request.emit (events.js:189:13)
    at Request.EventEmitter.emit (domain.js:441:20)
    at IncomingMessage.<anonymous> (C:\Users\Transdata\AppData\Roaming\npm\node_modules\firebase-tools\node_modules\request\request.js:1083:12)
    at Object.onceWrapper (events.js:277:13)
    at IncomingMessage.emit (events.js:194:15)
    at IncomingMessage.EventEmitter.emit (domain.js:441:20)
    at endReadableNT (_stream_readable.js:1103:12)
    at process._tickCallback (internal/process/next_tick.js:63:19)
[error] 
[error] Error: Failed to get Firebase project vue-test-e4fbd. Please make sure the project exists and your account has permission to access it.
[debug] [2020-02-10T13:40:57.377Z] ----------------------------------------------------------------------
[debug] [2020-02-10T13:40:57.380Z] Command:       C:\Program Files\nodejs\node.exe C:\Users\Transdata\AppData\Roaming\npm\node_modules\firebase-tools\lib\bin\firebase.js init
[debug] [2020-02-10T13:40:57.380Z] CLI Version:   7.12.1
[debug] [2020-02-10T13:40:57.381Z] Platform:      win32
[debug] [2020-02-10T13:40:57.381Z] Node Version:  v10.15.1
[debug] [2020-02-10T13:40:57.382Z] Time:          Mon Feb 10 2020 18:40:57 GMT+0500 (Pakistan Standard Time)
[debug] [2020-02-10T13:40:57.382Z] ----------------------------------------------------------------------
[debug] [2020-02-10T13:40:57.382Z] 
[debug] [2020-02-10T13:40:57.402Z] > command requires scopes: ["email","openid","https://www.googleapis.com/auth/cloudplatformprojects.readonly","https://www.googleapis.com/auth/firebase","https://www.googleapis.com/auth/cloud-platform"]
[debug] [2020-02-10T13:40:57.404Z] > authorizing via signed-in user
[info] 
     ######## #### ########  ######## ########     ###     ######  ########
     ##        ##  ##     ## ##       ##     ##  ##   ##  ##       ##
     ######    ##  ########  ######   ########  #########  ######  ######
     ##        ##  ##    ##  ##       ##     ## ##     ##       ## ##
     ##       #### ##     ## ######## ########  ##     ##  ######  ########

You're about to initialize a Firebase project in this directory:

  C:\Users\Transdata\Desktop\vueJs\gym

Before we get started, keep in mind:

  * You are initializing in an existing Firebase project directory

[info] 
=== Project Setup
[info] 
[info] First, let's associate this project directory with a Firebase project.
[info] You can create multiple project aliases by running firebase use --add, 
[info] but for now we'll just set up a default project.
[info] 
[info] i  .firebaserc already has a default project, using vue-test-e4fbd.
[debug] [2020-02-10T13:41:02.071Z] >>> HTTP REQUEST GET https://firebase.googleapis.com/v1beta1/projects/vue-test-e4fbd  
 
[debug] [2020-02-10T13:41:02.697Z] <<< HTTP RESPONSE 403
[debug] [2020-02-10T13:41:02.698Z] <<< HTTP RESPONSE BODY
[debug] [2020-02-10T13:41:02.708Z] HTTP Error: 403, The caller does not have permission
[debug] [2020-02-10T13:41:03.126Z] FirebaseError: HTTP Error: 403, The caller does not have permission
    at module.exports (C:\Users\Transdata\AppData\Roaming\npm\node_modules\firebase-tools\lib\responseToError.js:38:12)
    at Request._callback (C:\Users\Transdata\AppData\Roaming\npm\node_modules\firebase-tools\lib\api.js:39:35)
    at Request.self.callback (C:\Users\Transdata\AppData\Roaming\npm\node_modules\firebase-tools\node_modules\request\request.js:185:22)
    at Request.emit (events.js:189:13)
    at Request.EventEmitter.emit (domain.js:441:20)
    at Request.<anonymous> (C:\Users\Transdata\AppData\Roaming\npm\node_modules\firebase-tools\node_modules\request\request.js:1161:10)
    at Request.emit (events.js:189:13)
    at Request.EventEmitter.emit (domain.js:441:20)
    at IncomingMessage.<anonymous> (C:\Users\Transdata\AppData\Roaming\npm\node_modules\firebase-tools\node_modules\request\request.js:1083:12)
    at Object.onceWrapper (events.js:277:13)
    at IncomingMessage.emit (events.js:194:15)
    at IncomingMessage.EventEmitter.emit (domain.js:441:20)
    at endReadableNT (_stream_readable.js:1103:12)
    at process._tickCallback (internal/process/next_tick.js:63:19)
[error] 
[error] Error: Failed to get Firebase project vue-test-e4fbd. Please make sure the project exists and your account has permission to access it.
